[2025-09-23 14:25:15] local.ERROR: SQLSTATE[42S22]: Column not found: 1054 Unknown column 'trial_days' in 'field list' (Connection: mysql, SQL: insert into `subscription_plans` (`successful_auto_billing_payment_sms_message`, `next_auto_billing_reminder_sms_message`, `auto_billing_disabled_sms_message`, `successful_payment_sms_message`, `billing_purchase_category_code`, `max_auto_billing_attempts`, `insufficient_funds_message`, `billing_product_id`, `can_auto_bill`, `project_id`, `trial_days`, `description`, `frequency`, `is_folder`, `duration`, `active`, `price`, `name`, `tags`, `parent_id`, `_lft`, `_rgt`, `updated_at`, `created_at`) values (?, ?, You have been successfully unsubscribed from First-Aid Counselling. Dial *217# to subscribe., 1 day of App Access priced {{ subscriptionPlanPrice }} paid successfully. Valid till {{ subscriptionEndDate }}. Ref: #{{ subscriptionId }}., Daily_autorenew_pack, 0, You do not have enough funds to complete this transaction., Freemium subscription - P1.00, 1, 1, 0, Freemium subscription (1 day auto-renewal), Days, 0, 1, 1, 1.00, Freemium Plan @ P1, ?, ?, 33, 34, 2025-09-23 14:25:15, 2025-09-23 14:25:15)) {"userId":1,"exception":"[object] (Illuminate\\Database\\QueryException(code: 42S22): SQLSTATE[42S22]: Column not found: 1054 Unknown column 'trial_days' in 'field list' (Connection: mysql, SQL: insert into `subscription_plans` (`successful_auto_billing_payment_sms_message`, `next_auto_billing_reminder_sms_message`, `auto_billing_disabled_sms_message`, `successful_payment_sms_message`, `billing_purchase_category_code`, `max_auto_billing_attempts`, `insufficient_funds_message`, `billing_product_id`, `can_auto_bill`, `project_id`, `trial_days`, `description`, `frequency`, `is_folder`, `duration`, `active`, `price`, `name`, `tags`, `parent_id`, `_lft`, `_rgt`, `updated_at`, `created_at`) values (?, ?, You have been successfully unsubscribed from First-Aid Counselling. Dial *217# to subscribe., 1 day of App Access priced {{ subscriptionPlanPrice }} paid successfully. Valid till {{ subscriptionEndDate }}. Ref: #{{ subscriptionId }}., Daily_autorenew_pack, 0, You do not have enough funds to complete this transaction., Freemium subscription - P1.00, 1, 1, 0, Freemium subscription (1 day auto-renewal), Days, 0, 1, 1, 1.00, Freemium Plan @ P1, ?, ?, 33, 34, 2025-09-23 14:25:15, 2025-09-23 14:25:15)) at /Users/juliantabona/Sites/olfoclet-studio/vendor/laravel/framework/src/Illuminate/Database/Connection.php:760)
[stacktrace]
#0 /Users/juliantabona/Sites/olfoclet-studio/vendor/laravel/framework/src/Illuminate/Database/Connection.php(720): Illuminate\\Database\\Connection->runQueryCallback('insert into `su...', Array, Object(Closure))
#1 /Users/juliantabona/Sites/olfoclet-studio/vendor/laravel/framework/src/Illuminate/Database/Connection.php(534): Illuminate\\Database\\Connection->run('insert into `su...', Array, Object(Closure))
#2 /Users/juliantabona/Sites/olfoclet-studio/vendor/laravel/framework/src/Illuminate/Database/Connection.php(498): Illuminate\\Database\\Connection->statement('insert into `su...', Array)
#3 /Users/juliantabona/Sites/olfoclet-studio/vendor/laravel/framework/src/Illuminate/Database/Query/Processors/Processor.php(32): Illuminate\\Database\\Connection->insert('insert into `su...', Array)
#4 /Users/juliantabona/Sites/olfoclet-studio/vendor/laravel/framework/src/Illuminate/Database/Query/Builder.php(3339): Illuminate\\Database\\Query\\Processors\\Processor->processInsertGetId(Object(Illuminate\\Database\\Query\\Builder), 'insert into `su...', Array, 'id')
#5 /Users/juliantabona/Sites/olfoclet-studio/vendor/laravel/framework/src/Illuminate/Database/Eloquent/Builder.php(1903): Illuminate\\Database\\Query\\Builder->insertGetId(Array, 'id')
#6 /Users/juliantabona/Sites/olfoclet-studio/vendor/laravel/framework/src/Illuminate/Database/Eloquent/Model.php(1335): Illuminate\\Database\\Eloquent\\Builder->__call('insertGetId', Array)
#7 /Users/juliantabona/Sites/olfoclet-studio/vendor/laravel/framework/src/Illuminate/Database/Eloquent/Model.php(1300): Illuminate\\Database\\Eloquent\\Model->insertAndSetId(Object(Kalnoy\\Nestedset\\QueryBuilder), Array)
#8 /Users/juliantabona/Sites/olfoclet-studio/vendor/laravel/framework/src/Illuminate/Database/Eloquent/Model.php(1139): Illuminate\\Database\\Eloquent\\Model->performInsert(Object(Kalnoy\\Nestedset\\QueryBuilder))
#9 /Users/juliantabona/Sites/olfoclet-studio/vendor/kalnoy/nestedset/src/NodeTrait.php(764): Illuminate\\Database\\Eloquent\\Model->save()
#10 /Users/juliantabona/Sites/olfoclet-studio/app/Repositories/SubscriptionPlanRepository.php(121): App\\Models\\SubscriptionPlan::create(Array)
#11 /Users/juliantabona/Sites/olfoclet-studio/app/Http/Controllers/SubscriptionPlanController.php(132): App\\Repositories\\SubscriptionPlanRepository->createProjectSubscriptionPlan('Freemium Plan @...', 'Freemium subscr...', true, false, '1.00', 0, '1', 'Days', Array, true, 'Freemium subscr...', 'Daily_autorenew...', 0, 'You do not have...', '1 day of App Ac...', NULL, NULL, 'You have been s...', Array, NULL)
#12 /Users/juliantabona/Sites/olfoclet-studio/vendor/laravel/framework/src/Illuminate/Routing/Controller.php(54): App\\Http\\Controllers\\SubscriptionPlanController->createSubscriptionPlan(Object(App\\Http\\Requests\\SubscriptionPlans\\CreateSubscriptionPlanRequest), '1')
#13 /Users/juliantabona/Sites/olfoclet-studio/vendor/laravel/framework/src/Illuminate/Routing/ControllerDispatcher.php(43): Illuminate\\Routing\\Controller->callAction('createSubscript...', Array)
#14 /Users/juliantabona/Sites/olfoclet-studio/vendor/laravel/framework/src/Illuminate/Routing/Route.php(259): Illuminate\\Routing\\ControllerDispatcher->dispatch(Object(Illuminate\\Routing\\Route), Object(App\\Http\\Controllers\\SubscriptionPlanController), 'createSubscript...')
#15 /Users/juliantabona/Sites/olfoclet-studio/vendor/laravel/framework/src/Illuminate/Routing/Route.php(205): Illuminate\\Routing\\Route->runController()
#16 /Users/juliantabona/Sites/olfoclet-studio/vendor/laravel/framework/src/Illuminate/Routing/Router.php(798): Illuminate\\Routing\\Route->run()
#17 /Users/juliantabona/Sites/olfoclet-studio/vendor/laravel/framework/src/Illuminate/Pipeline/Pipeline.php(141): Illuminate\\Routing\\Router->Illuminate\\Routing\\{closure}(Object(Illuminate\\Http\\Request))
#18 /Users/juliantabona/Sites/olfoclet-studio/app/Http/Middleware/CheckIfHasProjectPermissions.php(43): Illuminate\\Pipeline\\Pipeline->Illuminate\\Pipeline\\{closure}(Object(Illuminate\\Http\\Request))
#19 /Users/juliantabona/Sites/olfoclet-studio/vendor/laravel/framework/src/Illuminate/Pipeline/Pipeline.php(180): App\\Http\\Middleware\\CheckIfHasProjectPermissions->handle(Object(Illuminate\\Http\\Request), Object(Closure), 'Manage subscrip...')
#20 /Users/juliantabona/Sites/olfoclet-studio/vendor/laravel/framework/src/Illuminate/Auth/Middleware/EnsureEmailIsVerified.php(30): Illuminate\\Pipeline\\Pipeline->Illuminate\\Pipeline\\{closure}(Object(Illuminate\\Http\\Request))
#21 /Users/juliantabona/Sites/olfoclet-studio/vendor/laravel/framework/src/Illuminate/Pipeline/Pipeline.php(180): Illuminate\\Auth\\Middleware\\EnsureEmailIsVerified->handle(Object(Illuminate\\Http\\Request), Object(Closure))
#22 /Users/juliantabona/Sites/olfoclet-studio/vendor/laravel/framework/src/Illuminate/Http/Middleware/AddLinkHeadersForPreloadedAssets.php(19): Illuminate\\Pipeline\\Pipeline->Illuminate\\Pipeline\\{closure}(Object(Illuminate\\Http\\Request))
#23 /Users/juliantabona/Sites/olfoclet-studio/vendor/laravel/framework/src/Illuminate/Pipeline/Pipeline.php(180): Illuminate\\Http\\Middleware\\AddLinkHeadersForPreloadedAssets->handle(Object(Illuminate\\Http\\Request), Object(Closure))
#24 /Users/juliantabona/Sites/olfoclet-studio/vendor/inertiajs/inertia-laravel/src/Middleware.php(87): Illuminate\\Pipeline\\Pipeline->Illuminate\\Pipeline\\{closure}(Object(Illuminate\\Http\\Request))
#25 /Users/juliantabona/Sites/olfoclet-studio/vendor/laravel/framework/src/Illuminate/Pipeline/Pipeline.php(180): Inertia\\Middleware->handle(Object(Illuminate\\Http\\Request), Object(Closure))
#26 /Users/juliantabona/Sites/olfoclet-studio/vendor/laravel/jetstream/src/Http/Middleware/ShareInertiaData.php(68): Illuminate\\Pipeline\\Pipeline->Illuminate\\Pipeline\\{closure}(Object(Illuminate\\Http\\Request))
#27 /Users/juliantabona/Sites/olfoclet-studio/vendor/laravel/framework/src/Illuminate/Pipeline/Pipeline.php(180): Laravel\\Jetstream\\Http\\Middleware\\ShareInertiaData->handle(Object(Illuminate\\Http\\Request), Object(Closure))
#28 /Users/juliantabona/Sites/olfoclet-studio/vendor/laravel/framework/src/Illuminate/Routing/Middleware/SubstituteBindings.php(50): Illuminate\\Pipeline\\Pipeline->Illuminate\\Pipeline\\{closure}(Object(Illuminate\\Http\\Request))
#29 /Users/juliantabona/Sites/olfoclet-studio/vendor/laravel/framework/src/Illuminate/Pipeline/Pipeline.php(180): Illuminate\\Routing\\Middleware\\SubstituteBindings->handle(Object(Illuminate\\Http\\Request), Object(Closure))
#30 /Users/juliantabona/Sites/olfoclet-studio/vendor/laravel/framework/src/Illuminate/Auth/Middleware/Authenticate.php(45): Illuminate\\Pipeline\\Pipeline->Illuminate\\Pipeline\\{closure}(Object(Illuminate\\Http\\Request))
#31 /Users/juliantabona/Sites/olfoclet-studio/vendor/laravel/framework/src/Illuminate/Pipeline/Pipeline.php(180): Illuminate\\Auth\\Middleware\\Authenticate->handle(Object(Illuminate\\Http\\Request), Object(Closure), 'sanctum')
#32 /Users/juliantabona/Sites/olfoclet-studio/vendor/laravel/framework/src/Illuminate/Foundation/Http/Middleware/VerifyCsrfToken.php(78): Illuminate\\Pipeline\\Pipeline->Illuminate\\Pipeline\\{closure}(Object(Illuminate\\Http\\Request))
#33 /Users/juliantabona/Sites/olfoclet-studio/vendor/laravel/framework/src/Illuminate/Pipeline/Pipeline.php(180): Illuminate\\Foundation\\Http\\Middleware\\VerifyCsrfToken->handle(Object(Illuminate\\Http\\Request), Object(Closure))
#34 /Users/juliantabona/Sites/olfoclet-studio/vendor/laravel/framework/src/Illuminate/View/Middleware/ShareErrorsFromSession.php(49): Illuminate\\Pipeline\\Pipeline->Illuminate\\Pipeline\\{closure}(Object(Illuminate\\Http\\Request))
#35 /Users/juliantabona/Sites/olfoclet-studio/vendor/laravel/framework/src/Illuminate/Pipeline/Pipeline.php(180): Illuminate\\View\\Middleware\\ShareErrorsFromSession->handle(Object(Illuminate\\Http\\Request), Object(Closure))
#36 /Users/juliantabona/Sites/olfoclet-studio/vendor/laravel/framework/src/Illuminate/Session/Middleware/StartSession.php(121): Illuminate\\Pipeline\\Pipeline->Illuminate\\Pipeline\\{closure}(Object(Illuminate\\Http\\Request))
#37 /Users/juliantabona/Sites/olfoclet-studio/vendor/laravel/framework/src/Illuminate/Session/Middleware/StartSession.php(64): Illuminate\\Session\\Middleware\\StartSession->handleStatefulRequest(Object(Illuminate\\Http\\Request), Object(Illuminate\\Session\\Store), Object(Closure))
#38 /Users/juliantabona/Sites/olfoclet-studio/vendor/laravel/framework/src/Illuminate/Pipeline/Pipeline.php(180): Illuminate\\Session\\Middleware\\StartSession->handle(Object(Illuminate\\Http\\Request), Object(Closure))
#39 /Users/juliantabona/Sites/olfoclet-studio/vendor/laravel/framework/src/Illuminate/Cookie/Middleware/AddQueuedCookiesToResponse.php(37): Illuminate\\Pipeline\\Pipeline->Illuminate\\Pipeline\\{closure}(Object(Illuminate\\Http\\Request))
#40 /Users/juliantabona/Sites/olfoclet-studio/vendor/laravel/framework/src/Illuminate/Pipeline/Pipeline.php(180): Illuminate\\Cookie\\Middleware\\AddQueuedCookiesToResponse->handle(Object(Illuminate\\Http\\Request), Object(Closure))
#41 /Users/juliantabona/Sites/olfoclet-studio/vendor/laravel/framework/src/Illuminate/Cookie/Middleware/EncryptCookies.php(67): Illuminate\\Pipeline\\Pipeline->Illuminate\\Pipeline\\{closure}(Object(Illuminate\\Http\\Request))
#42 /Users/juliantabona/Sites/olfoclet-studio/vendor/laravel/framework/src/Illuminate/Pipeline/Pipeline.php(180): Illuminate\\Cookie\\Middleware\\EncryptCookies->handle(Object(Illuminate\\Http\\Request), Object(Closure))
#43 /Users/juliantabona/Sites/olfoclet-studio/vendor/laravel/framework/src/Illuminate/Pipeline/Pipeline.php(116): Illuminate\\Pipeline\\Pipeline->Illuminate\\Pipeline\\{closure}(Object(Illuminate\\Http\\Request))
#44 /Users/juliantabona/Sites/olfoclet-studio/vendor/laravel/framework/src/Illuminate/Routing/Router.php(797): Illuminate\\Pipeline\\Pipeline->then(Object(Closure))
#45 /Users/juliantabona/Sites/olfoclet-studio/vendor/laravel/framework/src/Illuminate/Routing/Router.php(776): Illuminate\\Routing\\Router->runRouteWithinStack(Object(Illuminate\\Routing\\Route), Object(Illuminate\\Http\\Request))
#46 /Users/juliantabona/Sites/olfoclet-studio/vendor/laravel/framework/src/Illuminate/Routing/Router.php(740): Illuminate\\Routing\\Router->runRoute(Object(Illuminate\\Http\\Request), Object(Illuminate\\Routing\\Route))
#47 /Users/juliantabona/Sites/olfoclet-studio/vendor/laravel/framework/src/Illuminate/Routing/Router.php(729): Illuminate\\Routing\\Router->dispatchToRoute(Object(Illuminate\\Http\\Request))
#48 /Users/juliantabona/Sites/olfoclet-studio/vendor/laravel/framework/src/Illuminate/Foundation/Http/Kernel.php(200): Illuminate\\Routing\\Router->dispatch(Object(Illuminate\\Http\\Request))
#49 /Users/juliantabona/Sites/olfoclet-studio/vendor/laravel/framework/src/Illuminate/Pipeline/Pipeline.php(141): Illuminate\\Foundation\\Http\\Kernel->Illuminate\\Foundation\\Http\\{closure}(Object(Illuminate\\Http\\Request))
#50 /Users/juliantabona/Sites/olfoclet-studio/vendor/laravel/framework/src/Illuminate/Foundation/Http/Middleware/TransformsRequest.php(21): Illuminate\\Pipeline\\Pipeline->Illuminate\\Pipeline\\{closure}(Object(Illuminate\\Http\\Request))
#51 /Users/juliantabona/Sites/olfoclet-studio/vendor/laravel/framework/src/Illuminate/Foundation/Http/Middleware/ConvertEmptyStringsToNull.php(31): Illuminate\\Foundation\\Http\\Middleware\\TransformsRequest->handle(Object(Illuminate\\Http\\Request), Object(Closure))
#52 /Users/juliantabona/Sites/olfoclet-studio/vendor/laravel/framework/src/Illuminate/Pipeline/Pipeline.php(180): Illuminate\\Foundation\\Http\\Middleware\\ConvertEmptyStringsToNull->handle(Object(Illuminate\\Http\\Request), Object(Closure))
#53 /Users/juliantabona/Sites/olfoclet-studio/vendor/laravel/framework/src/Illuminate/Foundation/Http/Middleware/TransformsRequest.php(21): Illuminate\\Pipeline\\Pipeline->Illuminate\\Pipeline\\{closure}(Object(Illuminate\\Http\\Request))
#54 /Users/juliantabona/Sites/olfoclet-studio/vendor/laravel/framework/src/Illuminate/Foundation/Http/Middleware/TrimStrings.php(40): Illuminate\\Foundation\\Http\\Middleware\\TransformsRequest->handle(Object(Illuminate\\Http\\Request), Object(Closure))
#55 /Users/juliantabona/Sites/olfoclet-studio/vendor/laravel/framework/src/Illuminate/Pipeline/Pipeline.php(180): Illuminate\\Foundation\\Http\\Middleware\\TrimStrings->handle(Object(Illuminate\\Http\\Request), Object(Closure))
#56 /Users/juliantabona/Sites/olfoclet-studio/vendor/laravel/framework/src/Illuminate/Foundation/Http/Middleware/ValidatePostSize.php(27): Illuminate\\Pipeline\\Pipeline->Illuminate\\Pipeline\\{closure}(Object(Illuminate\\Http\\Request))
#57 /Users/juliantabona/Sites/olfoclet-studio/vendor/laravel/framework/src/Illuminate/Pipeline/Pipeline.php(180): Illuminate\\Foundation\\Http\\Middleware\\ValidatePostSize->handle(Object(Illuminate\\Http\\Request), Object(Closure))
#58 /Users/juliantabona/Sites/olfoclet-studio/vendor/laravel/framework/src/Illuminate/Foundation/Http/Middleware/PreventRequestsDuringMaintenance.php(86): Illuminate\\Pipeline\\Pipeline->Illuminate\\Pipeline\\{closure}(Object(Illuminate\\Http\\Request))
#59 /Users/juliantabona/Sites/olfoclet-studio/vendor/laravel/framework/src/Illuminate/Pipeline/Pipeline.php(180): Illuminate\\Foundation\\Http\\Middleware\\PreventRequestsDuringMaintenance->handle(Object(Illuminate\\Http\\Request), Object(Closure))
#60 /Users/juliantabona/Sites/olfoclet-studio/vendor/laravel/framework/src/Illuminate/Http/Middleware/HandleCors.php(49): Illuminate\\Pipeline\\Pipeline->Illuminate\\Pipeline\\{closure}(Object(Illuminate\\Http\\Request))
#61 /Users/juliantabona/Sites/olfoclet-studio/vendor/laravel/framework/src/Illuminate/Pipeline/Pipeline.php(180): Illuminate\\Http\\Middleware\\HandleCors->handle(Object(Illuminate\\Http\\Request), Object(Closure))
#62 /Users/juliantabona/Sites/olfoclet-studio/vendor/laravel/framework/src/Illuminate/Http/Middleware/TrustProxies.php(39): Illuminate\\Pipeline\\Pipeline->Illuminate\\Pipeline\\{closure}(Object(Illuminate\\Http\\Request))
#63 /Users/juliantabona/Sites/olfoclet-studio/vendor/laravel/framework/src/Illuminate/Pipeline/Pipeline.php(180): Illuminate\\Http\\Middleware\\TrustProxies->handle(Object(Illuminate\\Http\\Request), Object(Closure))
#64 /Users/juliantabona/Sites/olfoclet-studio/vendor/laravel/framework/src/Illuminate/Pipeline/Pipeline.php(116): Illuminate\\Pipeline\\Pipeline->Illuminate\\Pipeline\\{closure}(Object(Illuminate\\Http\\Request))
#65 /Users/juliantabona/Sites/olfoclet-studio/vendor/laravel/framework/src/Illuminate/Foundation/Http/Kernel.php(175): Illuminate\\Pipeline\\Pipeline->then(Object(Closure))
#66 /Users/juliantabona/Sites/olfoclet-studio/vendor/laravel/framework/src/Illuminate/Foundation/Http/Kernel.php(144): Illuminate\\Foundation\\Http\\Kernel->sendRequestThroughRouter(Object(Illuminate\\Http\\Request))
#67 /Users/juliantabona/Sites/olfoclet-studio/public/index.php(51): Illuminate\\Foundation\\Http\\Kernel->handle(Object(Illuminate\\Http\\Request))
#68 /Users/juliantabona/.composer/vendor/laravel/valet/server.php(110): require('/Users/julianta...')
#69 {main}

[previous exception] [object] (PDOException(code: 42S22): SQLSTATE[42S22]: Column not found: 1054 Unknown column 'trial_days' in 'field list' at /Users/juliantabona/Sites/olfoclet-studio/vendor/laravel/framework/src/Illuminate/Database/Connection.php:539)
[stacktrace]
#0 /Users/juliantabona/Sites/olfoclet-studio/vendor/laravel/framework/src/Illuminate/Database/Connection.php(539): PDO->prepare('insert into `su...')
#1 /Users/juliantabona/Sites/olfoclet-studio/vendor/laravel/framework/src/Illuminate/Database/Connection.php(753): Illuminate\\Database\\Connection->Illuminate\\Database\\{closure}('insert into `su...', Array)
#2 /Users/juliantabona/Sites/olfoclet-studio/vendor/laravel/framework/src/Illuminate/Database/Connection.php(720): Illuminate\\Database\\Connection->runQueryCallback('insert into `su...', Array, Object(Closure))
#3 /Users/juliantabona/Sites/olfoclet-studio/vendor/laravel/framework/src/Illuminate/Database/Connection.php(534): Illuminate\\Database\\Connection->run('insert into `su...', Array, Object(Closure))
#4 /Users/juliantabona/Sites/olfoclet-studio/vendor/laravel/framework/src/Illuminate/Database/Connection.php(498): Illuminate\\Database\\Connection->statement('insert into `su...', Array)
#5 /Users/juliantabona/Sites/olfoclet-studio/vendor/laravel/framework/src/Illuminate/Database/Query/Processors/Processor.php(32): Illuminate\\Database\\Connection->insert('insert into `su...', Array)
#6 /Users/juliantabona/Sites/olfoclet-studio/vendor/laravel/framework/src/Illuminate/Database/Query/Builder.php(3339): Illuminate\\Database\\Query\\Processors\\Processor->processInsertGetId(Object(Illuminate\\Database\\Query\\Builder), 'insert into `su...', Array, 'id')
#7 /Users/juliantabona/Sites/olfoclet-studio/vendor/laravel/framework/src/Illuminate/Database/Eloquent/Builder.php(1903): Illuminate\\Database\\Query\\Builder->insertGetId(Array, 'id')
#8 /Users/juliantabona/Sites/olfoclet-studio/vendor/laravel/framework/src/Illuminate/Database/Eloquent/Model.php(1335): Illuminate\\Database\\Eloquent\\Builder->__call('insertGetId', Array)
#9 /Users/juliantabona/Sites/olfoclet-studio/vendor/laravel/framework/src/Illuminate/Database/Eloquent/Model.php(1300): Illuminate\\Database\\Eloquent\\Model->insertAndSetId(Object(Kalnoy\\Nestedset\\QueryBuilder), Array)
#10 /Users/juliantabona/Sites/olfoclet-studio/vendor/laravel/framework/src/Illuminate/Database/Eloquent/Model.php(1139): Illuminate\\Database\\Eloquent\\Model->performInsert(Object(Kalnoy\\Nestedset\\QueryBuilder))
#11 /Users/juliantabona/Sites/olfoclet-studio/vendor/kalnoy/nestedset/src/NodeTrait.php(764): Illuminate\\Database\\Eloquent\\Model->save()
#12 /Users/juliantabona/Sites/olfoclet-studio/app/Repositories/SubscriptionPlanRepository.php(121): App\\Models\\SubscriptionPlan::create(Array)
#13 /Users/juliantabona/Sites/olfoclet-studio/app/Http/Controllers/SubscriptionPlanController.php(132): App\\Repositories\\SubscriptionPlanRepository->createProjectSubscriptionPlan('Freemium Plan @...', 'Freemium subscr...', true, false, '1.00', 0, '1', 'Days', Array, true, 'Freemium subscr...', 'Daily_autorenew...', 0, 'You do not have...', '1 day of App Ac...', NULL, NULL, 'You have been s...', Array, NULL)
#14 /Users/juliantabona/Sites/olfoclet-studio/vendor/laravel/framework/src/Illuminate/Routing/Controller.php(54): App\\Http\\Controllers\\SubscriptionPlanController->createSubscriptionPlan(Object(App\\Http\\Requests\\SubscriptionPlans\\CreateSubscriptionPlanRequest), '1')
#15 /Users/juliantabona/Sites/olfoclet-studio/vendor/laravel/framework/src/Illuminate/Routing/ControllerDispatcher.php(43): Illuminate\\Routing\\Controller->callAction('createSubscript...', Array)
#16 /Users/juliantabona/Sites/olfoclet-studio/vendor/laravel/framework/src/Illuminate/Routing/Route.php(259): Illuminate\\Routing\\ControllerDispatcher->dispatch(Object(Illuminate\\Routing\\Route), Object(App\\Http\\Controllers\\SubscriptionPlanController), 'createSubscript...')
#17 /Users/juliantabona/Sites/olfoclet-studio/vendor/laravel/framework/src/Illuminate/Routing/Route.php(205): Illuminate\\Routing\\Route->runController()
#18 /Users/juliantabona/Sites/olfoclet-studio/vendor/laravel/framework/src/Illuminate/Routing/Router.php(798): Illuminate\\Routing\\Route->run()
#19 /Users/juliantabona/Sites/olfoclet-studio/vendor/laravel/framework/src/Illuminate/Pipeline/Pipeline.php(141): Illuminate\\Routing\\Router->Illuminate\\Routing\\{closure}(Object(Illuminate\\Http\\Request))
#20 /Users/juliantabona/Sites/olfoclet-studio/app/Http/Middleware/CheckIfHasProjectPermissions.php(43): Illuminate\\Pipeline\\Pipeline->Illuminate\\Pipeline\\{closure}(Object(Illuminate\\Http\\Request))
#21 /Users/juliantabona/Sites/olfoclet-studio/vendor/laravel/framework/src/Illuminate/Pipeline/Pipeline.php(180): App\\Http\\Middleware\\CheckIfHasProjectPermissions->handle(Object(Illuminate\\Http\\Request), Object(Closure), 'Manage subscrip...')
#22 /Users/juliantabona/Sites/olfoclet-studio/vendor/laravel/framework/src/Illuminate/Auth/Middleware/EnsureEmailIsVerified.php(30): Illuminate\\Pipeline\\Pipeline->Illuminate\\Pipeline\\{closure}(Object(Illuminate\\Http\\Request))
#23 /Users/juliantabona/Sites/olfoclet-studio/vendor/laravel/framework/src/Illuminate/Pipeline/Pipeline.php(180): Illuminate\\Auth\\Middleware\\EnsureEmailIsVerified->handle(Object(Illuminate\\Http\\Request), Object(Closure))
#24 /Users/juliantabona/Sites/olfoclet-studio/vendor/laravel/framework/src/Illuminate/Http/Middleware/AddLinkHeadersForPreloadedAssets.php(19): Illuminate\\Pipeline\\Pipeline->Illuminate\\Pipeline\\{closure}(Object(Illuminate\\Http\\Request))
#25 /Users/juliantabona/Sites/olfoclet-studio/vendor/laravel/framework/src/Illuminate/Pipeline/Pipeline.php(180): Illuminate\\Http\\Middleware\\AddLinkHeadersForPreloadedAssets->handle(Object(Illuminate\\Http\\Request), Object(Closure))
#26 /Users/juliantabona/Sites/olfoclet-studio/vendor/inertiajs/inertia-laravel/src/Middleware.php(87): Illuminate\\Pipeline\\Pipeline->Illuminate\\Pipeline\\{closure}(Object(Illuminate\\Http\\Request))
#27 /Users/juliantabona/Sites/olfoclet-studio/vendor/laravel/framework/src/Illuminate/Pipeline/Pipeline.php(180): Inertia\\Middleware->handle(Object(Illuminate\\Http\\Request), Object(Closure))
#28 /Users/juliantabona/Sites/olfoclet-studio/vendor/laravel/jetstream/src/Http/Middleware/ShareInertiaData.php(68): Illuminate\\Pipeline\\Pipeline->Illuminate\\Pipeline\\{closure}(Object(Illuminate\\Http\\Request))
#29 /Users/juliantabona/Sites/olfoclet-studio/vendor/laravel/framework/src/Illuminate/Pipeline/Pipeline.php(180): Laravel\\Jetstream\\Http\\Middleware\\ShareInertiaData->handle(Object(Illuminate\\Http\\Request), Object(Closure))
#30 /Users/juliantabona/Sites/olfoclet-studio/vendor/laravel/framework/src/Illuminate/Routing/Middleware/SubstituteBindings.php(50): Illuminate\\Pipeline\\Pipeline->Illuminate\\Pipeline\\{closure}(Object(Illuminate\\Http\\Request))
#31 /Users/juliantabona/Sites/olfoclet-studio/vendor/laravel/framework/src/Illuminate/Pipeline/Pipeline.php(180): Illuminate\\Routing\\Middleware\\SubstituteBindings->handle(Object(Illuminate\\Http\\Request), Object(Closure))
#32 /Users/juliantabona/Sites/olfoclet-studio/vendor/laravel/framework/src/Illuminate/Auth/Middleware/Authenticate.php(45): Illuminate\\Pipeline\\Pipeline->Illuminate\\Pipeline\\{closure}(Object(Illuminate\\Http\\Request))
#33 /Users/juliantabona/Sites/olfoclet-studio/vendor/laravel/framework/src/Illuminate/Pipeline/Pipeline.php(180): Illuminate\\Auth\\Middleware\\Authenticate->handle(Object(Illuminate\\Http\\Request), Object(Closure), 'sanctum')
#34 /Users/juliantabona/Sites/olfoclet-studio/vendor/laravel/framework/src/Illuminate/Foundation/Http/Middleware/VerifyCsrfToken.php(78): Illuminate\\Pipeline\\Pipeline->Illuminate\\Pipeline\\{closure}(Object(Illuminate\\Http\\Request))
#35 /Users/juliantabona/Sites/olfoclet-studio/vendor/laravel/framework/src/Illuminate/Pipeline/Pipeline.php(180): Illuminate\\Foundation\\Http\\Middleware\\VerifyCsrfToken->handle(Object(Illuminate\\Http\\Request), Object(Closure))
#36 /Users/juliantabona/Sites/olfoclet-studio/vendor/laravel/framework/src/Illuminate/View/Middleware/ShareErrorsFromSession.php(49): Illuminate\\Pipeline\\Pipeline->Illuminate\\Pipeline\\{closure}(Object(Illuminate\\Http\\Request))
#37 /Users/juliantabona/Sites/olfoclet-studio/vendor/laravel/framework/src/Illuminate/Pipeline/Pipeline.php(180): Illuminate\\View\\Middleware\\ShareErrorsFromSession->handle(Object(Illuminate\\Http\\Request), Object(Closure))
#38 /Users/juliantabona/Sites/olfoclet-studio/vendor/laravel/framework/src/Illuminate/Session/Middleware/StartSession.php(121): Illuminate\\Pipeline\\Pipeline->Illuminate\\Pipeline\\{closure}(Object(Illuminate\\Http\\Request))
#39 /Users/juliantabona/Sites/olfoclet-studio/vendor/laravel/framework/src/Illuminate/Session/Middleware/StartSession.php(64): Illuminate\\Session\\Middleware\\StartSession->handleStatefulRequest(Object(Illuminate\\Http\\Request), Object(Illuminate\\Session\\Store), Object(Closure))
#40 /Users/juliantabona/Sites/olfoclet-studio/vendor/laravel/framework/src/Illuminate/Pipeline/Pipeline.php(180): Illuminate\\Session\\Middleware\\StartSession->handle(Object(Illuminate\\Http\\Request), Object(Closure))
#41 /Users/juliantabona/Sites/olfoclet-studio/vendor/laravel/framework/src/Illuminate/Cookie/Middleware/AddQueuedCookiesToResponse.php(37): Illuminate\\Pipeline\\Pipeline->Illuminate\\Pipeline\\{closure}(Object(Illuminate\\Http\\Request))
#42 /Users/juliantabona/Sites/olfoclet-studio/vendor/laravel/framework/src/Illuminate/Pipeline/Pipeline.php(180): Illuminate\\Cookie\\Middleware\\AddQueuedCookiesToResponse->handle(Object(Illuminate\\Http\\Request), Object(Closure))
#43 /Users/juliantabona/Sites/olfoclet-studio/vendor/laravel/framework/src/Illuminate/Cookie/Middleware/EncryptCookies.php(67): Illuminate\\Pipeline\\Pipeline->Illuminate\\Pipeline\\{closure}(Object(Illuminate\\Http\\Request))
#44 /Users/juliantabona/Sites/olfoclet-studio/vendor/laravel/framework/src/Illuminate/Pipeline/Pipeline.php(180): Illuminate\\Cookie\\Middleware\\EncryptCookies->handle(Object(Illuminate\\Http\\Request), Object(Closure))
#45 /Users/juliantabona/Sites/olfoclet-studio/vendor/laravel/framework/src/Illuminate/Pipeline/Pipeline.php(116): Illuminate\\Pipeline\\Pipeline->Illuminate\\Pipeline\\{closure}(Object(Illuminate\\Http\\Request))
#46 /Users/juliantabona/Sites/olfoclet-studio/vendor/laravel/framework/src/Illuminate/Routing/Router.php(797): Illuminate\\Pipeline\\Pipeline->then(Object(Closure))
#47 /Users/juliantabona/Sites/olfoclet-studio/vendor/laravel/framework/src/Illuminate/Routing/Router.php(776): Illuminate\\Routing\\Router->runRouteWithinStack(Object(Illuminate\\Routing\\Route), Object(Illuminate\\Http\\Request))
#48 /Users/juliantabona/Sites/olfoclet-studio/vendor/laravel/framework/src/Illuminate/Routing/Router.php(740): Illuminate\\Routing\\Router->runRoute(Object(Illuminate\\Http\\Request), Object(Illuminate\\Routing\\Route))
#49 /Users/juliantabona/Sites/olfoclet-studio/vendor/laravel/framework/src/Illuminate/Routing/Router.php(729): Illuminate\\Routing\\Router->dispatchToRoute(Object(Illuminate\\Http\\Request))
#50 /Users/juliantabona/Sites/olfoclet-studio/vendor/laravel/framework/src/Illuminate/Foundation/Http/Kernel.php(200): Illuminate\\Routing\\Router->dispatch(Object(Illuminate\\Http\\Request))
#51 /Users/juliantabona/Sites/olfoclet-studio/vendor/laravel/framework/src/Illuminate/Pipeline/Pipeline.php(141): Illuminate\\Foundation\\Http\\Kernel->Illuminate\\Foundation\\Http\\{closure}(Object(Illuminate\\Http\\Request))
#52 /Users/juliantabona/Sites/olfoclet-studio/vendor/laravel/framework/src/Illuminate/Foundation/Http/Middleware/TransformsRequest.php(21): Illuminate\\Pipeline\\Pipeline->Illuminate\\Pipeline\\{closure}(Object(Illuminate\\Http\\Request))
#53 /Users/juliantabona/Sites/olfoclet-studio/vendor/laravel/framework/src/Illuminate/Foundation/Http/Middleware/ConvertEmptyStringsToNull.php(31): Illuminate\\Foundation\\Http\\Middleware\\TransformsRequest->handle(Object(Illuminate\\Http\\Request), Object(Closure))
#54 /Users/juliantabona/Sites/olfoclet-studio/vendor/laravel/framework/src/Illuminate/Pipeline/Pipeline.php(180): Illuminate\\Foundation\\Http\\Middleware\\ConvertEmptyStringsToNull->handle(Object(Illuminate\\Http\\Request), Object(Closure))
#55 /Users/juliantabona/Sites/olfoclet-studio/vendor/laravel/framework/src/Illuminate/Foundation/Http/Middleware/TransformsRequest.php(21): Illuminate\\Pipeline\\Pipeline->Illuminate\\Pipeline\\{closure}(Object(Illuminate\\Http\\Request))
#56 /Users/juliantabona/Sites/olfoclet-studio/vendor/laravel/framework/src/Illuminate/Foundation/Http/Middleware/TrimStrings.php(40): Illuminate\\Foundation\\Http\\Middleware\\TransformsRequest->handle(Object(Illuminate\\Http\\Request), Object(Closure))
#57 /Users/juliantabona/Sites/olfoclet-studio/vendor/laravel/framework/src/Illuminate/Pipeline/Pipeline.php(180): Illuminate\\Foundation\\Http\\Middleware\\TrimStrings->handle(Object(Illuminate\\Http\\Request), Object(Closure))
#58 /Users/juliantabona/Sites/olfoclet-studio/vendor/laravel/framework/src/Illuminate/Foundation/Http/Middleware/ValidatePostSize.php(27): Illuminate\\Pipeline\\Pipeline->Illuminate\\Pipeline\\{closure}(Object(Illuminate\\Http\\Request))
#59 /Users/juliantabona/Sites/olfoclet-studio/vendor/laravel/framework/src/Illuminate/Pipeline/Pipeline.php(180): Illuminate\\Foundation\\Http\\Middleware\\ValidatePostSize->handle(Object(Illuminate\\Http\\Request), Object(Closure))
#60 /Users/juliantabona/Sites/olfoclet-studio/vendor/laravel/framework/src/Illuminate/Foundation/Http/Middleware/PreventRequestsDuringMaintenance.php(86): Illuminate\\Pipeline\\Pipeline->Illuminate\\Pipeline\\{closure}(Object(Illuminate\\Http\\Request))
#61 /Users/juliantabona/Sites/olfoclet-studio/vendor/laravel/framework/src/Illuminate/Pipeline/Pipeline.php(180): Illuminate\\Foundation\\Http\\Middleware\\PreventRequestsDuringMaintenance->handle(Object(Illuminate\\Http\\Request), Object(Closure))
#62 /Users/juliantabona/Sites/olfoclet-studio/vendor/laravel/framework/src/Illuminate/Http/Middleware/HandleCors.php(49): Illuminate\\Pipeline\\Pipeline->Illuminate\\Pipeline\\{closure}(Object(Illuminate\\Http\\Request))
#63 /Users/juliantabona/Sites/olfoclet-studio/vendor/laravel/framework/src/Illuminate/Pipeline/Pipeline.php(180): Illuminate\\Http\\Middleware\\HandleCors->handle(Object(Illuminate\\Http\\Request), Object(Closure))
#64 /Users/juliantabona/Sites/olfoclet-studio/vendor/laravel/framework/src/Illuminate/Http/Middleware/TrustProxies.php(39): Illuminate\\Pipeline\\Pipeline->Illuminate\\Pipeline\\{closure}(Object(Illuminate\\Http\\Request))
#65 /Users/juliantabona/Sites/olfoclet-studio/vendor/laravel/framework/src/Illuminate/Pipeline/Pipeline.php(180): Illuminate\\Http\\Middleware\\TrustProxies->handle(Object(Illuminate\\Http\\Request), Object(Closure))
#66 /Users/juliantabona/Sites/olfoclet-studio/vendor/laravel/framework/src/Illuminate/Pipeline/Pipeline.php(116): Illuminate\\Pipeline\\Pipeline->Illuminate\\Pipeline\\{closure}(Object(Illuminate\\Http\\Request))
#67 /Users/juliantabona/Sites/olfoclet-studio/vendor/laravel/framework/src/Illuminate/Foundation/Http/Kernel.php(175): Illuminate\\Pipeline\\Pipeline->then(Object(Closure))
#68 /Users/juliantabona/Sites/olfoclet-studio/vendor/laravel/framework/src/Illuminate/Foundation/Http/Kernel.php(144): Illuminate\\Foundation\\Http\\Kernel->sendRequestThroughRouter(Object(Illuminate\\Http\\Request))
#69 /Users/juliantabona/Sites/olfoclet-studio/public/index.php(51): Illuminate\\Foundation\\Http\\Kernel->handle(Object(Illuminate\\Http\\Request))
#70 /Users/juliantabona/.composer/vendor/laravel/valet/server.php(110): require('/Users/julianta...')
#71 {main}
"} 
[2025-09-23 16:03:18] local.ERROR: Airtime Billing Token Generation API Fatal Error (Stage 3) {"attempt":1,"code":0,"message":"cURL error 6: Could not resolve host: aas-bw.api.intraorange (see https://curl.haxx.se/libcurl/c/libcurl-errors.html) for https://aas-bw.api.intraorange/token"} 
[2025-09-23 16:04:10] local.ERROR: SQLSTATE[42S22]: Column not found: 1054 Unknown column 'attempts' in 'field list' (Connection: mysql, SQL: insert into `auto_billing_schedules` (`attempts`, `project_id`, `subscriber_id`, `reminded_one_hour_before_at`, `reminded_six_hours_before_at`, `reminded_twelve_hours_before_at`, `auto_billing_enabled`, `reminded_twenty_four_hours_before_at`, `reminded_forty_eight_hours_before_at`, `reminded_seventy_two_hours_before_at`, `subscription_plan_id`, `next_attempt_date`) values (0, 1, 1, ?, ?, ?, 1, ?, ?, ?, 17, 2025-09-24 16:04:10)) {"exception":"[object] (Illuminate\\Database\\QueryException(code: 42S22): SQLSTATE[42S22]: Column not found: 1054 Unknown column 'attempts' in 'field list' (Connection: mysql, SQL: insert into `auto_billing_schedules` (`attempts`, `project_id`, `subscriber_id`, `reminded_one_hour_before_at`, `reminded_six_hours_before_at`, `reminded_twelve_hours_before_at`, `auto_billing_enabled`, `reminded_twenty_four_hours_before_at`, `reminded_forty_eight_hours_before_at`, `reminded_seventy_two_hours_before_at`, `subscription_plan_id`, `next_attempt_date`) values (0, 1, 1, ?, ?, ?, 1, ?, ?, ?, 17, 2025-09-24 16:04:10)) at /Users/juliantabona/Sites/olfoclet-studio/vendor/laravel/framework/src/Illuminate/Database/Connection.php:760)
[stacktrace]
#0 /Users/juliantabona/Sites/olfoclet-studio/vendor/laravel/framework/src/Illuminate/Database/Connection.php(720): Illuminate\\Database\\Connection->runQueryCallback('insert into `au...', Array, Object(Closure))
#1 /Users/juliantabona/Sites/olfoclet-studio/vendor/laravel/framework/src/Illuminate/Database/Connection.php(534): Illuminate\\Database\\Connection->run('insert into `au...', Array, Object(Closure))
#2 /Users/juliantabona/Sites/olfoclet-studio/vendor/laravel/framework/src/Illuminate/Database/Connection.php(498): Illuminate\\Database\\Connection->statement('insert into `au...', Array)
#3 /Users/juliantabona/Sites/olfoclet-studio/vendor/laravel/framework/src/Illuminate/Database/Query/Builder.php(3289): Illuminate\\Database\\Connection->insert('insert into `au...', Array)
#4 /Users/juliantabona/Sites/olfoclet-studio/app/Repositories/SubscriptionRepository.php(289): Illuminate\\Database\\Query\\Builder->insert(Array)
#5 /Users/juliantabona/Sites/olfoclet-studio/app/Repositories/SubscriptionRepository.php(111): App\\Repositories\\SubscriptionRepository->updateAutoBillingSchedule(Object(App\\Models\\Subscriber), Object(App\\Models\\SubscriptionPlan), Object(App\\Models\\Subscription), Object(App\\Enums\\CreatedUsingAutoBilling))
#6 /Users/juliantabona/Sites/olfoclet-studio/app/Http/Controllers/Api/SubscriptionController.php(109): App\\Repositories\\SubscriptionRepository->createProjectSubscription(Object(App\\Models\\Subscriber), Object(App\\Models\\SubscriptionPlan), Object(App\\Enums\\CreatedUsingAutoBilling), Object(App\\Models\\BillingTransaction), false)
#7 /Users/juliantabona/Sites/olfoclet-studio/vendor/laravel/framework/src/Illuminate/Routing/Controller.php(54): App\\Http\\Controllers\\Api\\SubscriptionController->createSubscription(Object(App\\Http\\Requests\\Subscriptions\\CreateSubscriptionRequest), '1')
#8 /Users/juliantabona/Sites/olfoclet-studio/vendor/laravel/framework/src/Illuminate/Routing/ControllerDispatcher.php(43): Illuminate\\Routing\\Controller->callAction('createSubscript...', Array)
#9 /Users/juliantabona/Sites/olfoclet-studio/vendor/laravel/framework/src/Illuminate/Routing/Route.php(259): Illuminate\\Routing\\ControllerDispatcher->dispatch(Object(Illuminate\\Routing\\Route), Object(App\\Http\\Controllers\\Api\\SubscriptionController), 'createSubscript...')
#10 /Users/juliantabona/Sites/olfoclet-studio/vendor/laravel/framework/src/Illuminate/Routing/Route.php(205): Illuminate\\Routing\\Route->runController()
#11 /Users/juliantabona/Sites/olfoclet-studio/vendor/laravel/framework/src/Illuminate/Routing/Router.php(798): Illuminate\\Routing\\Route->run()
#12 /Users/juliantabona/Sites/olfoclet-studio/vendor/laravel/framework/src/Illuminate/Pipeline/Pipeline.php(141): Illuminate\\Routing\\Router->Illuminate\\Routing\\{closure}(Object(Illuminate\\Http\\Request))
#13 /Users/juliantabona/Sites/olfoclet-studio/app/Http/Middleware/VerifyApiBearerToken.php(38): Illuminate\\Pipeline\\Pipeline->Illuminate\\Pipeline\\{closure}(Object(Illuminate\\Http\\Request))
#14 /Users/juliantabona/Sites/olfoclet-studio/vendor/laravel/framework/src/Illuminate/Pipeline/Pipeline.php(180): App\\Http\\Middleware\\VerifyApiBearerToken->handle(Object(Illuminate\\Http\\Request), Object(Closure))
#15 /Users/juliantabona/Sites/olfoclet-studio/vendor/laravel/framework/src/Illuminate/Routing/Middleware/SubstituteBindings.php(50): Illuminate\\Pipeline\\Pipeline->Illuminate\\Pipeline\\{closure}(Object(Illuminate\\Http\\Request))
#16 /Users/juliantabona/Sites/olfoclet-studio/vendor/laravel/framework/src/Illuminate/Pipeline/Pipeline.php(180): Illuminate\\Routing\\Middleware\\SubstituteBindings->handle(Object(Illuminate\\Http\\Request), Object(Closure))
#17 /Users/juliantabona/Sites/olfoclet-studio/vendor/laravel/framework/src/Illuminate/Routing/Middleware/ThrottleRequests.php(126): Illuminate\\Pipeline\\Pipeline->Illuminate\\Pipeline\\{closure}(Object(Illuminate\\Http\\Request))
#18 /Users/juliantabona/Sites/olfoclet-studio/vendor/laravel/framework/src/Illuminate/Routing/Middleware/ThrottleRequests.php(92): Illuminate\\Routing\\Middleware\\ThrottleRequests->handleRequest(Object(Illuminate\\Http\\Request), Object(Closure), Array)
#19 /Users/juliantabona/Sites/olfoclet-studio/vendor/laravel/framework/src/Illuminate/Routing/Middleware/ThrottleRequests.php(54): Illuminate\\Routing\\Middleware\\ThrottleRequests->handleRequestUsingNamedLimiter(Object(Illuminate\\Http\\Request), Object(Closure), 'api', Object(Closure))
#20 /Users/juliantabona/Sites/olfoclet-studio/vendor/laravel/framework/src/Illuminate/Pipeline/Pipeline.php(180): Illuminate\\Routing\\Middleware\\ThrottleRequests->handle(Object(Illuminate\\Http\\Request), Object(Closure), 'api')
#21 /Users/juliantabona/Sites/olfoclet-studio/vendor/laravel/framework/src/Illuminate/Pipeline/Pipeline.php(116): Illuminate\\Pipeline\\Pipeline->Illuminate\\Pipeline\\{closure}(Object(Illuminate\\Http\\Request))
#22 /Users/juliantabona/Sites/olfoclet-studio/vendor/laravel/framework/src/Illuminate/Routing/Router.php(797): Illuminate\\Pipeline\\Pipeline->then(Object(Closure))
#23 /Users/juliantabona/Sites/olfoclet-studio/vendor/laravel/framework/src/Illuminate/Routing/Router.php(776): Illuminate\\Routing\\Router->runRouteWithinStack(Object(Illuminate\\Routing\\Route), Object(Illuminate\\Http\\Request))
#24 /Users/juliantabona/Sites/olfoclet-studio/vendor/laravel/framework/src/Illuminate/Routing/Router.php(740): Illuminate\\Routing\\Router->runRoute(Object(Illuminate\\Http\\Request), Object(Illuminate\\Routing\\Route))
#25 /Users/juliantabona/Sites/olfoclet-studio/vendor/laravel/framework/src/Illuminate/Routing/Router.php(729): Illuminate\\Routing\\Router->dispatchToRoute(Object(Illuminate\\Http\\Request))
#26 /Users/juliantabona/Sites/olfoclet-studio/vendor/laravel/framework/src/Illuminate/Foundation/Http/Kernel.php(200): Illuminate\\Routing\\Router->dispatch(Object(Illuminate\\Http\\Request))
#27 /Users/juliantabona/Sites/olfoclet-studio/vendor/laravel/framework/src/Illuminate/Pipeline/Pipeline.php(141): Illuminate\\Foundation\\Http\\Kernel->Illuminate\\Foundation\\Http\\{closure}(Object(Illuminate\\Http\\Request))
#28 /Users/juliantabona/Sites/olfoclet-studio/vendor/laravel/framework/src/Illuminate/Foundation/Http/Middleware/TransformsRequest.php(21): Illuminate\\Pipeline\\Pipeline->Illuminate\\Pipeline\\{closure}(Object(Illuminate\\Http\\Request))
#29 /Users/juliantabona/Sites/olfoclet-studio/vendor/laravel/framework/src/Illuminate/Foundation/Http/Middleware/ConvertEmptyStringsToNull.php(31): Illuminate\\Foundation\\Http\\Middleware\\TransformsRequest->handle(Object(Illuminate\\Http\\Request), Object(Closure))
#30 /Users/juliantabona/Sites/olfoclet-studio/vendor/laravel/framework/src/Illuminate/Pipeline/Pipeline.php(180): Illuminate\\Foundation\\Http\\Middleware\\ConvertEmptyStringsToNull->handle(Object(Illuminate\\Http\\Request), Object(Closure))
#31 /Users/juliantabona/Sites/olfoclet-studio/vendor/laravel/framework/src/Illuminate/Foundation/Http/Middleware/TransformsRequest.php(21): Illuminate\\Pipeline\\Pipeline->Illuminate\\Pipeline\\{closure}(Object(Illuminate\\Http\\Request))
#32 /Users/juliantabona/Sites/olfoclet-studio/vendor/laravel/framework/src/Illuminate/Foundation/Http/Middleware/TrimStrings.php(40): Illuminate\\Foundation\\Http\\Middleware\\TransformsRequest->handle(Object(Illuminate\\Http\\Request), Object(Closure))
#33 /Users/juliantabona/Sites/olfoclet-studio/vendor/laravel/framework/src/Illuminate/Pipeline/Pipeline.php(180): Illuminate\\Foundation\\Http\\Middleware\\TrimStrings->handle(Object(Illuminate\\Http\\Request), Object(Closure))
#34 /Users/juliantabona/Sites/olfoclet-studio/vendor/laravel/framework/src/Illuminate/Foundation/Http/Middleware/ValidatePostSize.php(27): Illuminate\\Pipeline\\Pipeline->Illuminate\\Pipeline\\{closure}(Object(Illuminate\\Http\\Request))
#35 /Users/juliantabona/Sites/olfoclet-studio/vendor/laravel/framework/src/Illuminate/Pipeline/Pipeline.php(180): Illuminate\\Foundation\\Http\\Middleware\\ValidatePostSize->handle(Object(Illuminate\\Http\\Request), Object(Closure))
#36 /Users/juliantabona/Sites/olfoclet-studio/vendor/laravel/framework/src/Illuminate/Foundation/Http/Middleware/PreventRequestsDuringMaintenance.php(86): Illuminate\\Pipeline\\Pipeline->Illuminate\\Pipeline\\{closure}(Object(Illuminate\\Http\\Request))
#37 /Users/juliantabona/Sites/olfoclet-studio/vendor/laravel/framework/src/Illuminate/Pipeline/Pipeline.php(180): Illuminate\\Foundation\\Http\\Middleware\\PreventRequestsDuringMaintenance->handle(Object(Illuminate\\Http\\Request), Object(Closure))
#38 /Users/juliantabona/Sites/olfoclet-studio/vendor/laravel/framework/src/Illuminate/Http/Middleware/HandleCors.php(62): Illuminate\\Pipeline\\Pipeline->Illuminate\\Pipeline\\{closure}(Object(Illuminate\\Http\\Request))
#39 /Users/juliantabona/Sites/olfoclet-studio/vendor/laravel/framework/src/Illuminate/Pipeline/Pipeline.php(180): Illuminate\\Http\\Middleware\\HandleCors->handle(Object(Illuminate\\Http\\Request), Object(Closure))
#40 /Users/juliantabona/Sites/olfoclet-studio/vendor/laravel/framework/src/Illuminate/Http/Middleware/TrustProxies.php(39): Illuminate\\Pipeline\\Pipeline->Illuminate\\Pipeline\\{closure}(Object(Illuminate\\Http\\Request))
#41 /Users/juliantabona/Sites/olfoclet-studio/vendor/laravel/framework/src/Illuminate/Pipeline/Pipeline.php(180): Illuminate\\Http\\Middleware\\TrustProxies->handle(Object(Illuminate\\Http\\Request), Object(Closure))
#42 /Users/juliantabona/Sites/olfoclet-studio/vendor/laravel/framework/src/Illuminate/Pipeline/Pipeline.php(116): Illuminate\\Pipeline\\Pipeline->Illuminate\\Pipeline\\{closure}(Object(Illuminate\\Http\\Request))
#43 /Users/juliantabona/Sites/olfoclet-studio/vendor/laravel/framework/src/Illuminate/Foundation/Http/Kernel.php(175): Illuminate\\Pipeline\\Pipeline->then(Object(Closure))
#44 /Users/juliantabona/Sites/olfoclet-studio/vendor/laravel/framework/src/Illuminate/Foundation/Http/Kernel.php(144): Illuminate\\Foundation\\Http\\Kernel->sendRequestThroughRouter(Object(Illuminate\\Http\\Request))
#45 /Users/juliantabona/Sites/olfoclet-studio/public/index.php(51): Illuminate\\Foundation\\Http\\Kernel->handle(Object(Illuminate\\Http\\Request))
#46 /Users/juliantabona/.composer/vendor/laravel/valet/server.php(110): require('/Users/julianta...')
#47 {main}

[previous exception] [object] (PDOException(code: 42S22): SQLSTATE[42S22]: Column not found: 1054 Unknown column 'attempts' in 'field list' at /Users/juliantabona/Sites/olfoclet-studio/vendor/laravel/framework/src/Illuminate/Database/Connection.php:539)
[stacktrace]
#0 /Users/juliantabona/Sites/olfoclet-studio/vendor/laravel/framework/src/Illuminate/Database/Connection.php(539): PDO->prepare('insert into `au...')
#1 /Users/juliantabona/Sites/olfoclet-studio/vendor/laravel/framework/src/Illuminate/Database/Connection.php(753): Illuminate\\Database\\Connection->Illuminate\\Database\\{closure}('insert into `au...', Array)
#2 /Users/juliantabona/Sites/olfoclet-studio/vendor/laravel/framework/src/Illuminate/Database/Connection.php(720): Illuminate\\Database\\Connection->runQueryCallback('insert into `au...', Array, Object(Closure))
#3 /Users/juliantabona/Sites/olfoclet-studio/vendor/laravel/framework/src/Illuminate/Database/Connection.php(534): Illuminate\\Database\\Connection->run('insert into `au...', Array, Object(Closure))
#4 /Users/juliantabona/Sites/olfoclet-studio/vendor/laravel/framework/src/Illuminate/Database/Connection.php(498): Illuminate\\Database\\Connection->statement('insert into `au...', Array)
#5 /Users/juliantabona/Sites/olfoclet-studio/vendor/laravel/framework/src/Illuminate/Database/Query/Builder.php(3289): Illuminate\\Database\\Connection->insert('insert into `au...', Array)
#6 /Users/juliantabona/Sites/olfoclet-studio/app/Repositories/SubscriptionRepository.php(289): Illuminate\\Database\\Query\\Builder->insert(Array)
#7 /Users/juliantabona/Sites/olfoclet-studio/app/Repositories/SubscriptionRepository.php(111): App\\Repositories\\SubscriptionRepository->updateAutoBillingSchedule(Object(App\\Models\\Subscriber), Object(App\\Models\\SubscriptionPlan), Object(App\\Models\\Subscription), Object(App\\Enums\\CreatedUsingAutoBilling))
#8 /Users/juliantabona/Sites/olfoclet-studio/app/Http/Controllers/Api/SubscriptionController.php(109): App\\Repositories\\SubscriptionRepository->createProjectSubscription(Object(App\\Models\\Subscriber), Object(App\\Models\\SubscriptionPlan), Object(App\\Enums\\CreatedUsingAutoBilling), Object(App\\Models\\BillingTransaction), false)
#9 /Users/juliantabona/Sites/olfoclet-studio/vendor/laravel/framework/src/Illuminate/Routing/Controller.php(54): App\\Http\\Controllers\\Api\\SubscriptionController->createSubscription(Object(App\\Http\\Requests\\Subscriptions\\CreateSubscriptionRequest), '1')
#10 /Users/juliantabona/Sites/olfoclet-studio/vendor/laravel/framework/src/Illuminate/Routing/ControllerDispatcher.php(43): Illuminate\\Routing\\Controller->callAction('createSubscript...', Array)
#11 /Users/juliantabona/Sites/olfoclet-studio/vendor/laravel/framework/src/Illuminate/Routing/Route.php(259): Illuminate\\Routing\\ControllerDispatcher->dispatch(Object(Illuminate\\Routing\\Route), Object(App\\Http\\Controllers\\Api\\SubscriptionController), 'createSubscript...')
#12 /Users/juliantabona/Sites/olfoclet-studio/vendor/laravel/framework/src/Illuminate/Routing/Route.php(205): Illuminate\\Routing\\Route->runController()
#13 /Users/juliantabona/Sites/olfoclet-studio/vendor/laravel/framework/src/Illuminate/Routing/Router.php(798): Illuminate\\Routing\\Route->run()
#14 /Users/juliantabona/Sites/olfoclet-studio/vendor/laravel/framework/src/Illuminate/Pipeline/Pipeline.php(141): Illuminate\\Routing\\Router->Illuminate\\Routing\\{closure}(Object(Illuminate\\Http\\Request))
#15 /Users/juliantabona/Sites/olfoclet-studio/app/Http/Middleware/VerifyApiBearerToken.php(38): Illuminate\\Pipeline\\Pipeline->Illuminate\\Pipeline\\{closure}(Object(Illuminate\\Http\\Request))
#16 /Users/juliantabona/Sites/olfoclet-studio/vendor/laravel/framework/src/Illuminate/Pipeline/Pipeline.php(180): App\\Http\\Middleware\\VerifyApiBearerToken->handle(Object(Illuminate\\Http\\Request), Object(Closure))
#17 /Users/juliantabona/Sites/olfoclet-studio/vendor/laravel/framework/src/Illuminate/Routing/Middleware/SubstituteBindings.php(50): Illuminate\\Pipeline\\Pipeline->Illuminate\\Pipeline\\{closure}(Object(Illuminate\\Http\\Request))
#18 /Users/juliantabona/Sites/olfoclet-studio/vendor/laravel/framework/src/Illuminate/Pipeline/Pipeline.php(180): Illuminate\\Routing\\Middleware\\SubstituteBindings->handle(Object(Illuminate\\Http\\Request), Object(Closure))
#19 /Users/juliantabona/Sites/olfoclet-studio/vendor/laravel/framework/src/Illuminate/Routing/Middleware/ThrottleRequests.php(126): Illuminate\\Pipeline\\Pipeline->Illuminate\\Pipeline\\{closure}(Object(Illuminate\\Http\\Request))
#20 /Users/juliantabona/Sites/olfoclet-studio/vendor/laravel/framework/src/Illuminate/Routing/Middleware/ThrottleRequests.php(92): Illuminate\\Routing\\Middleware\\ThrottleRequests->handleRequest(Object(Illuminate\\Http\\Request), Object(Closure), Array)
#21 /Users/juliantabona/Sites/olfoclet-studio/vendor/laravel/framework/src/Illuminate/Routing/Middleware/ThrottleRequests.php(54): Illuminate\\Routing\\Middleware\\ThrottleRequests->handleRequestUsingNamedLimiter(Object(Illuminate\\Http\\Request), Object(Closure), 'api', Object(Closure))
#22 /Users/juliantabona/Sites/olfoclet-studio/vendor/laravel/framework/src/Illuminate/Pipeline/Pipeline.php(180): Illuminate\\Routing\\Middleware\\ThrottleRequests->handle(Object(Illuminate\\Http\\Request), Object(Closure), 'api')
#23 /Users/juliantabona/Sites/olfoclet-studio/vendor/laravel/framework/src/Illuminate/Pipeline/Pipeline.php(116): Illuminate\\Pipeline\\Pipeline->Illuminate\\Pipeline\\{closure}(Object(Illuminate\\Http\\Request))
#24 /Users/juliantabona/Sites/olfoclet-studio/vendor/laravel/framework/src/Illuminate/Routing/Router.php(797): Illuminate\\Pipeline\\Pipeline->then(Object(Closure))
#25 /Users/juliantabona/Sites/olfoclet-studio/vendor/laravel/framework/src/Illuminate/Routing/Router.php(776): Illuminate\\Routing\\Router->runRouteWithinStack(Object(Illuminate\\Routing\\Route), Object(Illuminate\\Http\\Request))
#26 /Users/juliantabona/Sites/olfoclet-studio/vendor/laravel/framework/src/Illuminate/Routing/Router.php(740): Illuminate\\Routing\\Router->runRoute(Object(Illuminate\\Http\\Request), Object(Illuminate\\Routing\\Route))
#27 /Users/juliantabona/Sites/olfoclet-studio/vendor/laravel/framework/src/Illuminate/Routing/Router.php(729): Illuminate\\Routing\\Router->dispatchToRoute(Object(Illuminate\\Http\\Request))
#28 /Users/juliantabona/Sites/olfoclet-studio/vendor/laravel/framework/src/Illuminate/Foundation/Http/Kernel.php(200): Illuminate\\Routing\\Router->dispatch(Object(Illuminate\\Http\\Request))
#29 /Users/juliantabona/Sites/olfoclet-studio/vendor/laravel/framework/src/Illuminate/Pipeline/Pipeline.php(141): Illuminate\\Foundation\\Http\\Kernel->Illuminate\\Foundation\\Http\\{closure}(Object(Illuminate\\Http\\Request))
#30 /Users/juliantabona/Sites/olfoclet-studio/vendor/laravel/framework/src/Illuminate/Foundation/Http/Middleware/TransformsRequest.php(21): Illuminate\\Pipeline\\Pipeline->Illuminate\\Pipeline\\{closure}(Object(Illuminate\\Http\\Request))
#31 /Users/juliantabona/Sites/olfoclet-studio/vendor/laravel/framework/src/Illuminate/Foundation/Http/Middleware/ConvertEmptyStringsToNull.php(31): Illuminate\\Foundation\\Http\\Middleware\\TransformsRequest->handle(Object(Illuminate\\Http\\Request), Object(Closure))
#32 /Users/juliantabona/Sites/olfoclet-studio/vendor/laravel/framework/src/Illuminate/Pipeline/Pipeline.php(180): Illuminate\\Foundation\\Http\\Middleware\\ConvertEmptyStringsToNull->handle(Object(Illuminate\\Http\\Request), Object(Closure))
#33 /Users/juliantabona/Sites/olfoclet-studio/vendor/laravel/framework/src/Illuminate/Foundation/Http/Middleware/TransformsRequest.php(21): Illuminate\\Pipeline\\Pipeline->Illuminate\\Pipeline\\{closure}(Object(Illuminate\\Http\\Request))
#34 /Users/juliantabona/Sites/olfoclet-studio/vendor/laravel/framework/src/Illuminate/Foundation/Http/Middleware/TrimStrings.php(40): Illuminate\\Foundation\\Http\\Middleware\\TransformsRequest->handle(Object(Illuminate\\Http\\Request), Object(Closure))
#35 /Users/juliantabona/Sites/olfoclet-studio/vendor/laravel/framework/src/Illuminate/Pipeline/Pipeline.php(180): Illuminate\\Foundation\\Http\\Middleware\\TrimStrings->handle(Object(Illuminate\\Http\\Request), Object(Closure))
#36 /Users/juliantabona/Sites/olfoclet-studio/vendor/laravel/framework/src/Illuminate/Foundation/Http/Middleware/ValidatePostSize.php(27): Illuminate\\Pipeline\\Pipeline->Illuminate\\Pipeline\\{closure}(Object(Illuminate\\Http\\Request))
#37 /Users/juliantabona/Sites/olfoclet-studio/vendor/laravel/framework/src/Illuminate/Pipeline/Pipeline.php(180): Illuminate\\Foundation\\Http\\Middleware\\ValidatePostSize->handle(Object(Illuminate\\Http\\Request), Object(Closure))
#38 /Users/juliantabona/Sites/olfoclet-studio/vendor/laravel/framework/src/Illuminate/Foundation/Http/Middleware/PreventRequestsDuringMaintenance.php(86): Illuminate\\Pipeline\\Pipeline->Illuminate\\Pipeline\\{closure}(Object(Illuminate\\Http\\Request))
#39 /Users/juliantabona/Sites/olfoclet-studio/vendor/laravel/framework/src/Illuminate/Pipeline/Pipeline.php(180): Illuminate\\Foundation\\Http\\Middleware\\PreventRequestsDuringMaintenance->handle(Object(Illuminate\\Http\\Request), Object(Closure))
#40 /Users/juliantabona/Sites/olfoclet-studio/vendor/laravel/framework/src/Illuminate/Http/Middleware/HandleCors.php(62): Illuminate\\Pipeline\\Pipeline->Illuminate\\Pipeline\\{closure}(Object(Illuminate\\Http\\Request))
#41 /Users/juliantabona/Sites/olfoclet-studio/vendor/laravel/framework/src/Illuminate/Pipeline/Pipeline.php(180): Illuminate\\Http\\Middleware\\HandleCors->handle(Object(Illuminate\\Http\\Request), Object(Closure))
#42 /Users/juliantabona/Sites/olfoclet-studio/vendor/laravel/framework/src/Illuminate/Http/Middleware/TrustProxies.php(39): Illuminate\\Pipeline\\Pipeline->Illuminate\\Pipeline\\{closure}(Object(Illuminate\\Http\\Request))
#43 /Users/juliantabona/Sites/olfoclet-studio/vendor/laravel/framework/src/Illuminate/Pipeline/Pipeline.php(180): Illuminate\\Http\\Middleware\\TrustProxies->handle(Object(Illuminate\\Http\\Request), Object(Closure))
#44 /Users/juliantabona/Sites/olfoclet-studio/vendor/laravel/framework/src/Illuminate/Pipeline/Pipeline.php(116): Illuminate\\Pipeline\\Pipeline->Illuminate\\Pipeline\\{closure}(Object(Illuminate\\Http\\Request))
#45 /Users/juliantabona/Sites/olfoclet-studio/vendor/laravel/framework/src/Illuminate/Foundation/Http/Kernel.php(175): Illuminate\\Pipeline\\Pipeline->then(Object(Closure))
#46 /Users/juliantabona/Sites/olfoclet-studio/vendor/laravel/framework/src/Illuminate/Foundation/Http/Kernel.php(144): Illuminate\\Foundation\\Http\\Kernel->sendRequestThroughRouter(Object(Illuminate\\Http\\Request))
#47 /Users/juliantabona/Sites/olfoclet-studio/public/index.php(51): Illuminate\\Foundation\\Http\\Kernel->handle(Object(Illuminate\\Http\\Request))
#48 /Users/juliantabona/.composer/vendor/laravel/valet/server.php(110): require('/Users/julianta...')
#49 {main}
"} 
